{"meta": {"format": 3, "version": "7.13.1", "timestamp": "2025-12-31T22:03:28.102953", "branch_coverage": false, "show_contexts": false}, "files": {"src/rhiza_tools/__init__.py": {"executed_lines": [39, 41, 42], "summary": {"covered_lines": 3, "num_statements": 5, "percent_covered": 60.0, "percent_covered_display": "60", "missing_lines": 2, "excluded_lines": 0, "percent_statements_covered": 60.0, "percent_statements_covered_display": "60"}, "missing_lines": [43, 45], "excluded_lines": [], "functions": {"": {"executed_lines": [39, 41, 42], "summary": {"covered_lines": 3, "num_statements": 5, "percent_covered": 60.0, "percent_covered_display": "60", "missing_lines": 2, "excluded_lines": 0, "percent_statements_covered": 60.0, "percent_statements_covered_display": "60"}, "missing_lines": [43, 45], "excluded_lines": [], "start_line": 1}}, "classes": {"": {"executed_lines": [39, 41, 42], "summary": {"covered_lines": 3, "num_statements": 5, "percent_covered": 60.0, "percent_covered_display": "60", "missing_lines": 2, "excluded_lines": 0, "percent_statements_covered": 60.0, "percent_statements_covered_display": "60"}, "missing_lines": [43, 45], "excluded_lines": [], "start_line": 1}}}, "src/rhiza_tools/__main__.py": {"executed_lines": [6, 8], "summary": {"covered_lines": 2, "num_statements": 3, "percent_covered": 66.66666666666667, "percent_covered_display": "67", "missing_lines": 1, "excluded_lines": 0, "percent_statements_covered": 66.66666666666667, "percent_statements_covered_display": "67"}, "missing_lines": [9], "excluded_lines": [], "functions": {"": {"executed_lines": [6, 8], "summary": {"covered_lines": 2, "num_statements": 3, "percent_covered": 66.66666666666667, "percent_covered_display": "67", "missing_lines": 1, "excluded_lines": 0, "percent_statements_covered": 66.66666666666667, "percent_statements_covered_display": "67"}, "missing_lines": [9], "excluded_lines": [], "start_line": 1}}, "classes": {"": {"executed_lines": [6, 8], "summary": {"covered_lines": 2, "num_statements": 3, "percent_covered": 66.66666666666667, "percent_covered_display": "67", "missing_lines": 1, "excluded_lines": 0, "percent_statements_covered": 66.66666666666667, "percent_statements_covered_display": "67"}, "missing_lines": [9], "excluded_lines": [], "start_line": 1}}}, "src/rhiza_tools/cli.py": {"executed_lines": [3, 5, 7, 10, 11, 16, 19, 20, 24, 25, 27, 31, 32, 36, 37, 39], "summary": {"covered_lines": 16, "num_statements": 16, "percent_covered": 100.0, "percent_covered_display": "100", "missing_lines": 0, "excluded_lines": 0, "percent_statements_covered": 100.0, "percent_statements_covered_display": "100"}, "missing_lines": [], "excluded_lines": [], "functions": {"bump": {"executed_lines": [16], "summary": {"covered_lines": 1, "num_statements": 1, "percent_covered": 100.0, "percent_covered_display": "100", "missing_lines": 0, "excluded_lines": 0, "percent_statements_covered": 100.0, "percent_statements_covered_display": "100"}, "missing_lines": [], "excluded_lines": [], "start_line": 11}, "release": {"executed_lines": [24, 25, 27], "summary": {"covered_lines": 3, "num_statements": 3, "percent_covered": 100.0, "percent_covered_display": "100", "missing_lines": 0, "excluded_lines": 0, "percent_statements_covered": 100.0, "percent_statements_covered_display": "100"}, "missing_lines": [], "excluded_lines": [], "start_line": 20}, "update_readme_help": {"executed_lines": [36, 37, 39], "summary": {"covered_lines": 3, "num_statements": 3, "percent_covered": 100.0, "percent_covered_display": "100", "missing_lines": 0, "excluded_lines": 0, "percent_statements_covered": 100.0, "percent_statements_covered_display": "100"}, "missing_lines": [], "excluded_lines": [], "start_line": 32}, "": {"executed_lines": [3, 5, 7, 10, 11, 19, 20, 31, 32], "summary": {"covered_lines": 9, "num_statements": 9, "percent_covered": 100.0, "percent_covered_display": "100", "missing_lines": 0, "excluded_lines": 0, "percent_statements_covered": 100.0, "percent_statements_covered_display": "100"}, "missing_lines": [], "excluded_lines": [], "start_line": 1}}, "classes": {"": {"executed_lines": [3, 5, 7, 10, 11, 16, 19, 20, 24, 25, 27, 31, 32, 36, 37, 39], "summary": {"covered_lines": 16, "num_statements": 16, "percent_covered": 100.0, "percent_covered_display": "100", "missing_lines": 0, "excluded_lines": 0, "percent_statements_covered": 100.0, "percent_statements_covered_display": "100"}, "missing_lines": [], "excluded_lines": [], "start_line": 1}}}, "src/rhiza_tools/commands/__init__.py": {"executed_lines": [], "summary": {"covered_lines": 0, "num_statements": 0, "percent_covered": 100.0, "percent_covered_display": "100", "missing_lines": 0, "excluded_lines": 0, "percent_statements_covered": 100.0, "percent_statements_covered_display": "100"}, "missing_lines": [], "excluded_lines": [], "functions": {"": {"executed_lines": [], "summary": {"covered_lines": 0, "num_statements": 0, "percent_covered": 100.0, "percent_covered_display": "100", "missing_lines": 0, "excluded_lines": 0, "percent_statements_covered": 100.0, "percent_statements_covered_display": "100"}, "missing_lines": [], "excluded_lines": [], "start_line": 1}}, "classes": {"": {"executed_lines": [], "summary": {"covered_lines": 0, "num_statements": 0, "percent_covered": 100.0, "percent_covered_display": "100", "missing_lines": 0, "excluded_lines": 0, "percent_statements_covered": 100.0, "percent_statements_covered_display": "100"}, "missing_lines": [], "excluded_lines": [], "start_line": 1}}}, "src/rhiza_tools/commands/bump.py": {"executed_lines": [3, 5, 6, 7, 8, 9, 11, 26, 29, 42, 44, 45, 46, 47, 53, 55, 56, 57, 59, 61, 62, 69, 71, 72, 73, 75, 77, 80, 82, 83, 84, 88, 90, 91, 92, 93, 94, 96, 97, 98, 99, 101, 102, 119, 120, 122, 125, 131, 135, 136, 140, 141, 142, 145, 147, 148, 149, 150, 151, 152, 153, 154, 155, 156, 157, 158, 159, 160, 165, 167, 168, 169, 170, 171, 172, 173, 180, 183, 184, 185, 188, 189, 190, 195, 198, 199, 201, 202, 205, 207, 209, 210, 211, 214, 215, 218, 219, 223, 224], "summary": {"covered_lines": 99, "num_statements": 116, "percent_covered": 85.34482758620689, "percent_covered_display": "85", "missing_lines": 17, "excluded_lines": 0, "percent_statements_covered": 85.34482758620689, "percent_statements_covered_display": "85"}, "missing_lines": [48, 49, 50, 64, 65, 66, 85, 132, 163, 164, 176, 177, 191, 192, 193, 220, 221], "excluded_lines": [], "functions": {"get_current_version": {"executed_lines": [44, 45, 46, 47], "summary": {"covered_lines": 4, "num_statements": 7, "percent_covered": 57.142857142857146, "percent_covered_display": "57", "missing_lines": 3, "excluded_lines": 0, "percent_statements_covered": 57.142857142857146, "percent_statements_covered_display": "57"}, "missing_lines": [48, 49, 50], "excluded_lines": [], "start_line": 42}, "update_version": {"executed_lines": [55, 56, 57, 59, 61, 62], "summary": {"covered_lines": 6, "num_statements": 9, "percent_covered": 66.66666666666667, "percent_covered_display": "67", "missing_lines": 3, "excluded_lines": 0, "percent_statements_covered": 66.66666666666667, "percent_statements_covered_display": "67"}, "missing_lines": [64, 65, 66], "excluded_lines": [], "start_line": 53}, "get_next_prerelease": {"executed_lines": [71, 72, 73, 75, 77], "summary": {"covered_lines": 5, "num_statements": 5, "percent_covered": 100.0, "percent_covered_display": "100", "missing_lines": 0, "excluded_lines": 0, "percent_statements_covered": 100.0, "percent_statements_covered_display": "100"}, "missing_lines": [], "excluded_lines": [], "start_line": 69}, "_determine_bump_type_from_choice": {"executed_lines": [82, 83, 84], "summary": {"covered_lines": 3, "num_statements": 4, "percent_covered": 75.0, "percent_covered_display": "75", "missing_lines": 1, "excluded_lines": 0, "percent_statements_covered": 75.0, "percent_statements_covered_display": "75"}, "missing_lines": [85], "excluded_lines": [], "start_line": 80}, "_get_interactive_bump_type": {"executed_lines": [90, 91, 92, 93, 94, 96, 97, 98, 99, 101, 102, 119, 120, 122], "summary": {"covered_lines": 14, "num_statements": 14, "percent_covered": 100.0, "percent_covered_display": "100", "missing_lines": 0, "excluded_lines": 0, "percent_statements_covered": 100.0, "percent_statements_covered_display": "100"}, "missing_lines": [], "excluded_lines": [], "start_line": 88}, "_parse_version_argument": {"executed_lines": [131, 135, 136, 140, 141, 142], "summary": {"covered_lines": 6, "num_statements": 7, "percent_covered": 85.71428571428571, "percent_covered_display": "86", "missing_lines": 1, "excluded_lines": 0, "percent_statements_covered": 85.71428571428571, "percent_statements_covered_display": "86"}, "missing_lines": [132], "excluded_lines": [], "start_line": 125}, "_calculate_new_version": {"executed_lines": [147, 148, 149, 150, 151, 152, 153, 154, 155, 156, 157, 158, 159, 160, 165, 167, 168, 169, 170, 171, 172, 173], "summary": {"covered_lines": 22, "num_statements": 26, "percent_covered": 84.61538461538461, "percent_covered_display": "85", "missing_lines": 4, "excluded_lines": 0, "percent_statements_covered": 84.61538461538461, "percent_statements_covered_display": "85"}, "missing_lines": [163, 164, 176, 177], "excluded_lines": [], "start_line": 145}, "bump_command": {"executed_lines": [183, 184, 185, 188, 189, 190, 195, 198, 199, 201, 202, 205, 207, 209, 210, 211, 214, 215, 218, 219, 223, 224], "summary": {"covered_lines": 22, "num_statements": 27, "percent_covered": 81.48148148148148, "percent_covered_display": "81", "missing_lines": 5, "excluded_lines": 0, "percent_statements_covered": 81.48148148148148, "percent_statements_covered_display": "81"}, "missing_lines": [191, 192, 193, 220, 221], "excluded_lines": [], "start_line": 180}, "": {"executed_lines": [3, 5, 6, 7, 8, 9, 11, 26, 29, 42, 53, 69, 80, 88, 125, 145, 180], "summary": {"covered_lines": 17, "num_statements": 17, "percent_covered": 100.0, "percent_covered_display": "100", "missing_lines": 0, "excluded_lines": 0, "percent_statements_covered": 100.0, "percent_statements_covered_display": "100"}, "missing_lines": [], "excluded_lines": [], "start_line": 1}}, "classes": {"": {"executed_lines": [3, 5, 6, 7, 8, 9, 11, 26, 29, 42, 44, 45, 46, 47, 53, 55, 56, 57, 59, 61, 62, 69, 71, 72, 73, 75, 77, 80, 82, 83, 84, 88, 90, 91, 92, 93, 94, 96, 97, 98, 99, 101, 102, 119, 120, 122, 125, 131, 135, 136, 140, 141, 142, 145, 147, 148, 149, 150, 151, 152, 153, 154, 155, 156, 157, 158, 159, 160, 165, 167, 168, 169, 170, 171, 172, 173, 180, 183, 184, 185, 188, 189, 190, 195, 198, 199, 201, 202, 205, 207, 209, 210, 211, 214, 215, 218, 219, 223, 224], "summary": {"covered_lines": 99, "num_statements": 116, "percent_covered": 85.34482758620689, "percent_covered_display": "85", "missing_lines": 17, "excluded_lines": 0, "percent_statements_covered": 85.34482758620689, "percent_statements_covered_display": "85"}, "missing_lines": [48, 49, 50, 64, 65, 66, 85, 132, 163, 164, 176, 177, 191, 192, 193, 220, 221], "excluded_lines": [], "start_line": 1}}}}, "totals": {"covered_lines": 120, "num_statements": 140, "percent_covered": 85.71428571428571, "percent_covered_display": "86", "missing_lines": 20, "excluded_lines": 0, "percent_statements_covered": 85.71428571428571, "percent_statements_covered_display": "86"}}